# JRE version: Java(TM) SE Runtime Environment (17.0.9+11) (build 17.0.9+11-LTS-201)
# Java VM: Java HotSpot(TM) 64-Bit Server VM (17.0.9+11-LTS-201, mixed mode, sharing, tiered, compressed oops, compressed class ptrs, g1 gc, windows-amd64)
GC Precious Log:
 CPUs: 4 total, 4 available
 Memory: 8103M
 Large Page Support: Disabled
 NUMA Support: Disabled
 Compressed Oops: Enabled (32-bit)
 Heap Region Size: 1M
 Heap Min Capacity: 8M
 Heap Initial Capacity: 128M
 Heap Max Capacity: 2G
 Pre-touch: Disabled
 Parallel Workers: 4
 Concurrent Workers: 1
 Concurrent Refinement Workers: 4
 Periodic GC: Disabled
Heap:
 garbage-first heap   total 387072K, used 239296K [0x0000000080000000, 0x0000000100000000)
  region size 1024K, 14 young (14336K), 6 survivors (6144K)
 Metaspace       used 119973K, committed 121152K, reserved 557056K
  class space    used 15841K, committed 16384K, reserved 425984K
GC Heap History (20 events):
Event: 6322.653 GC heap before
{Heap before GC invocations=157 (full 0):
 garbage-first heap   total 387072K, used 343371K [0x0000000080000000, 0x0000000100000000)
  region size 1024K, 147 young (150528K), 3 survivors (3072K)
 Metaspace       used 110323K, committed 111296K, reserved 557056K
  class space    used 14732K, committed 15168K, reserved 425984K
}
Event: 6322.657 GC heap after
{Heap after GC invocations=158 (full 0):
 garbage-first heap   total 387072K, used 197779K [0x0000000080000000, 0x0000000100000000)
  region size 1024K, 4 young (4096K), 4 survivors (4096K)
 Metaspace       used 110323K, committed 111296K, reserved 557056K
  class space    used 14732K, committed 15168K, reserved 425984K
}
Event: 6323.068 GC heap before
{Heap before GC invocations=158 (full 0):
 garbage-first heap   total 387072K, used 343187K [0x0000000080000000, 0x0000000100000000)
  region size 1024K, 146 young (149504K), 4 survivors (4096K)
 Metaspace       used 110323K, committed 111296K, reserved 557056K
  class space    used 14732K, committed 15168K, reserved 425984K
}
Event: 6323.073 GC heap after
{Heap after GC invocations=159 (full 0):
 garbage-first heap   total 387072K, used 199459K [0x0000000080000000, 0x0000000100000000)
  region size 1024K, 6 young (6144K), 6 survivors (6144K)
 Metaspace       used 110323K, committed 111296K, reserved 557056K
  class space    used 14732K, committed 15168K, reserved 425984K
}
Event: 6323.465 GC heap before
{Heap before GC invocations=159 (full 0):
 garbage-first heap   total 387072K, used 340771K [0x0000000080000000, 0x0000000100000000)
  region size 1024K, 144 young (147456K), 6 survivors (6144K)
 Metaspace       used 110324K, committed 111296K, reserved 557056K
  class space    used 14732K, committed 15168K, reserved 425984K
}
Event: 6323.468 GC heap after
{Heap after GC invocations=160 (full 0):
 garbage-first heap   total 387072K, used 191315K [0x0000000080000000, 0x0000000100000000)
  region size 1024K, 2 young (2048K), 2 survivors (2048K)
 Metaspace       used 110324K, committed 111296K, reserved 557056K
  class space    used 14732K, committed 15168K, reserved 425984K
}
Event: 6325.047 GC heap before
{Heap before GC invocations=160 (full 0):
 garbage-first heap   total 387072K, used 349011K [0x0000000080000000, 0x0000000100000000)
  region size 1024K, 150 young (153600K), 2 survivors (2048K)
 Metaspace       used 113267K, committed 114240K, reserved 557056K
  class space    used 15098K, committed 15552K, reserved 425984K
}
Event: 6325.056 GC heap after
{Heap after GC invocations=161 (full 0):
 garbage-first heap   total 387072K, used 206443K [0x0000000080000000, 0x0000000100000000)
  region size 1024K, 10 young (10240K), 10 survivors (10240K)
 Metaspace       used 113267K, committed 114240K, reserved 557056K
  class space    used 15098K, committed 15552K, reserved 425984K
}
Event: 6361.332 GC heap before
{Heap before GC invocations=161 (full 0):
 garbage-first heap   total 387072K, used 335467K [0x0000000080000000, 0x0000000100000000)
  region size 1024K, 136 young (139264K), 10 survivors (10240K)
 Metaspace       used 115600K, committed 116608K, reserved 557056K
  class space    used 15347K, committed 15808K, reserved 425984K
}
Event: 6361.369 GC heap after
{Heap after GC invocations=162 (full 0):
 garbage-first heap   total 387072K, used 224649K [0x0000000080000000, 0x0000000100000000)
  region size 1024K, 17 young (17408K), 17 survivors (17408K)
 Metaspace       used 115600K, committed 116608K, reserved 557056K
  class space    used 15347K, committed 15808K, reserved 425984K
}
Event: 6365.741 GC heap before
{Heap before GC invocations=162 (full 0):
 garbage-first heap   total 387072K, used 334217K [0x0000000080000000, 0x0000000100000000)
  region size 1024K, 118 young (120832K), 17 survivors (17408K)
 Metaspace       used 116177K, committed 117312K, reserved 557056K
  class space    used 15382K, committed 15936K, reserved 425984K
}
Event: 6365.767 GC heap after
{Heap after GC invocations=163 (full 0):
 garbage-first heap   total 387072K, used 233984K [0x0000000080000000, 0x0000000100000000)
  region size 1024K, 8 young (8192K), 8 survivors (8192K)
 Metaspace       used 116177K, committed 117312K, reserved 557056K
  class space    used 15382K, committed 15936K, reserved 425984K
}
Event: 6366.120 GC heap before
{Heap before GC invocations=163 (full 0):
 garbage-first heap   total 387072K, used 329216K [0x0000000080000000, 0x0000000100000000)
  region size 1024K, 101 young (103424K), 8 survivors (8192K)
 Metaspace       used 116188K, committed 117312K, reserved 557056K
  class space    used 15382K, committed 15936K, reserved 425984K
}
Event: 6366.125 GC heap after
{Heap after GC invocations=164 (full 0):
 garbage-first heap   total 387072K, used 231255K [0x0000000080000000, 0x0000000100000000)
  region size 1024K, 5 young (5120K), 5 survivors (5120K)
 Metaspace       used 116188K, committed 117312K, reserved 557056K
  class space    used 15382K, committed 15936K, reserved 425984K
}
Event: 6366.582 GC heap before
{Heap before GC invocations=164 (full 0):
 garbage-first heap   total 387072K, used 333655K [0x0000000080000000, 0x0000000100000000)
  region size 1024K, 104 young (106496K), 5 survivors (5120K)
 Metaspace       used 116273K, committed 117376K, reserved 557056K
  class space    used 15385K, committed 15936K, reserved 425984K
}
Event: 6366.589 GC heap after
{Heap after GC invocations=165 (full 0):
 garbage-first heap   total 387072K, used 231166K [0x0000000080000000, 0x0000000100000000)
  region size 1024K, 5 young (5120K), 5 survivors (5120K)
 Metaspace       used 116273K, committed 117376K, reserved 557056K
  class space    used 15385K, committed 15936K, reserved 425984K
}
Event: 6370.815 GC heap before
{Heap before GC invocations=165 (full 0):
 garbage-first heap   total 387072K, used 332542K [0x0000000080000000, 0x0000000100000000)
  region size 1024K, 105 young (107520K), 5 survivors (5120K)
 Metaspace       used 116332K, committed 117440K, reserved 557056K
  class space    used 15389K, committed 15936K, reserved 425984K
}
Event: 6370.819 GC heap after
{Heap after GC invocations=166 (full 0):
 garbage-first heap   total 387072K, used 227545K [0x0000000080000000, 0x0000000100000000)
  region size 1024K, 3 young (3072K), 3 survivors (3072K)
 Metaspace       used 116332K, committed 117440K, reserved 557056K
  class space    used 15389K, committed 15936K, reserved 425984K
}
Event: 6385.248 GC heap before
{Heap before GC invocations=166 (full 0):
 garbage-first heap   total 387072K, used 327897K [0x0000000080000000, 0x0000000100000000)
  region size 1024K, 102 young (104448K), 3 survivors (3072K)
 Metaspace       used 119742K, committed 120896K, reserved 557056K
  class space    used 15837K, committed 16384K, reserved 425984K
}
Event: 6385.268 GC heap after
{Heap after GC invocations=167 (full 0):
 garbage-first heap   total 387072K, used 232128K [0x0000000080000000, 0x0000000100000000)
  region size 1024K, 6 young (6144K), 6 survivors (6144K)
 Metaspace       used 119742K, committed 120896K, reserved 557056K
  class space    used 15837K, committed 16384K, reserved 425984K
}

